0 info it worked if it ends with ok
1 verbose cli [ 'C:\\Program Files (x86)\\nodejs\\\\node.exe',
1 verbose cli   'C:\\Program Files (x86)\\nodejs\\node_modules\\npm\\bin\\npm-cli.js',
1 verbose cli   'install',
1 verbose cli   'bootstrap-side-navbar' ]
2 info using npm@2.7.4
3 info using node@v0.12.2
4 verbose node symlink C:\Program Files (x86)\nodejs\\node.exe
5 silly cache add args [ 'bootstrap-side-navbar', null ]
6 verbose cache add spec bootstrap-side-navbar
7 silly cache add parsed spec { raw: 'bootstrap-side-navbar',
7 silly cache add   scope: null,
7 silly cache add   name: 'bootstrap-side-navbar',
7 silly cache add   rawSpec: '',
7 silly cache add   spec: '*',
7 silly cache add   type: 'range' }
8 verbose addNamed bootstrap-side-navbar@*
9 silly addNamed semver.valid null
10 silly addNamed semver.validRange *
11 silly addNameRange { name: 'bootstrap-side-navbar', range: '*', hasData: false }
12 silly mapToRegistry name bootstrap-side-navbar
13 silly mapToRegistry using default registry
14 silly mapToRegistry registry https://registry.npmjs.org/
15 silly mapToRegistry uri https://registry.npmjs.org/bootstrap-side-navbar
16 verbose addNameRange registry:https://registry.npmjs.org/bootstrap-side-navbar not in flight; fetching
17 verbose request uri https://registry.npmjs.org/bootstrap-side-navbar
18 verbose request no auth needed
19 info attempt registry request try #1 at 11:05:15 PM
20 verbose request id 9546359a1ab52acf
21 http request GET https://registry.npmjs.org/bootstrap-side-navbar
22 http 404 https://registry.npmjs.org/bootstrap-side-navbar
23 verbose headers { 'content-type': 'application/json',
23 verbose headers   'cache-control': 'max-age=0',
23 verbose headers   'content-length': '2',
23 verbose headers   'accept-ranges': 'bytes',
23 verbose headers   date: 'Sun, 18 Dec 2016 21:05:14 GMT',
23 verbose headers   via: '1.1 varnish',
23 verbose headers   age: '0',
23 verbose headers   connection: 'keep-alive',
23 verbose headers   'x-served-by': 'cache-fra1231-FRA',
23 verbose headers   'x-cache': 'MISS',
23 verbose headers   'x-cache-hits': '0',
23 verbose headers   'x-timer': 'S1482095113.660103,VS0,VE466',
23 verbose headers   vary: 'Accept-Encoding' }
24 silly get cb [ 404,
24 silly get   { 'content-type': 'application/json',
24 silly get     'cache-control': 'max-age=0',
24 silly get     'content-length': '2',
24 silly get     'accept-ranges': 'bytes',
24 silly get     date: 'Sun, 18 Dec 2016 21:05:14 GMT',
24 silly get     via: '1.1 varnish',
24 silly get     age: '0',
24 silly get     connection: 'keep-alive',
24 silly get     'x-served-by': 'cache-fra1231-FRA',
24 silly get     'x-cache': 'MISS',
24 silly get     'x-cache-hits': '0',
24 silly get     'x-timer': 'S1482095113.660103,VS0,VE466',
24 silly get     vary: 'Accept-Encoding' } ]
25 verbose stack Error: Registry returned 404 for GET on https://registry.npmjs.org/bootstrap-side-navbar
25 verbose stack     at CachingRegistryClient.<anonymous> (C:\Program Files (x86)\nodejs\node_modules\npm\node_modules\npm-registry-client\lib\request.js:239:14)
25 verbose stack     at Request._callback (C:\Program Files (x86)\nodejs\node_modules\npm\node_modules\npm-registry-client\lib\request.js:170:14)
25 verbose stack     at Request.self.callback (C:\Program Files (x86)\nodejs\node_modules\npm\node_modules\request\request.js:344:22)
25 verbose stack     at Request.emit (events.js:110:17)
25 verbose stack     at Request.<anonymous> (C:\Program Files (x86)\nodejs\node_modules\npm\node_modules\request\request.js:1239:14)
25 verbose stack     at Request.emit (events.js:129:20)
25 verbose stack     at IncomingMessage.<anonymous> (C:\Program Files (x86)\nodejs\node_modules\npm\node_modules\request\request.js:1187:12)
25 verbose stack     at IncomingMessage.emit (events.js:129:20)
25 verbose stack     at _stream_readable.js:908:16
25 verbose stack     at process._tickCallback (node.js:355:11)
26 verbose statusCode 404
27 verbose pkgid bootstrap-side-navbar
28 verbose cwd E:\Dev\SelfBoard
29 error Windows_NT 6.3.9600
30 error argv "C:\\Program Files (x86)\\nodejs\\\\node.exe" "C:\\Program Files (x86)\\nodejs\\node_modules\\npm\\bin\\npm-cli.js" "install" "bootstrap-side-navbar"
31 error node v0.12.2
32 error npm  v2.7.4
33 error code E404
34 error 404 Registry returned 404 for GET on https://registry.npmjs.org/bootstrap-side-navbar
34 error 404
34 error 404 'bootstrap-side-navbar' is not in the npm registry.
34 error 404 You should bug the author to publish it (or use the name yourself!)
34 error 404 It was specified as a dependency of 'SelfBoard'
34 error 404
34 error 404 Note that you can also install from a
34 error 404 tarball, folder, http url, or git url.
35 verbose exit [ 1, true ]
